# JRE version: OpenJDK Runtime Environment (8.0_152-b01) (build 1.8.0_152-release-915-b01)
# Java VM: OpenJDK 64-Bit Server VM (25.152-b01 mixed mode windows-amd64 compressed oops)
Heap:
 PSYoungGen      total 122368K, used 71854K [0x00000000e0000000, 0x00000000ea880000, 0x0000000100000000)
  eden space 93184K, 68% used [0x00000000e0000000,0x00000000e3e66078,0x00000000e5b00000)
  from space 29184K, 27% used [0x00000000e5b00000,0x00000000e62c5a50,0x00000000e7780000)
  to   space 28672K, 0% used [0x00000000e8c80000,0x00000000e8c80000,0x00000000ea880000)
 ParOldGen       total 110080K, used 46815K [0x00000000a0000000, 0x00000000a6b80000, 0x00000000e0000000)
  object space 110080K, 42% used [0x00000000a0000000,0x00000000a2db7cd8,0x00000000a6b80000)
 Metaspace       used 61355K, capacity 64274K, committed 64472K, reserved 1105920K
  class space    used 8175K, capacity 8886K, committed 8960K, reserved 1048576K
GC Heap History (10 events):
Event: 54.283 GC heap before
{Heap before GC invocations=20 (full 2):
 PSYoungGen      total 77312K, used 77290K [0x00000000e0000000, 0x00000000e6d00000, 0x0000000100000000)
  eden space 63488K, 100% used [0x00000000e0000000,0x00000000e3e00000,0x00000000e3e00000)
  from space 13824K, 99% used [0x00000000e3e00000,0x00000000e4b7a8a8,0x00000000e4b80000)
  to   space 16896K, 0% used [0x00000000e5c80000,0x00000000e5c80000,0x00000000e6d00000)
 ParOldGen       total 67072K, used 17886K [0x00000000a0000000, 0x00000000a4180000, 0x00000000e0000000)
  object space 67072K, 26% used [0x00000000a0000000,0x00000000a1177900,0x00000000a4180000)
 Metaspace       used 54029K, capacity 55968K, committed 56024K, reserved 1097728K
  class space    used 7409K, capacity 7903K, committed 7936K, reserved 1048576K
Event: 54.310 GC heap after
Heap after GC invocations=20 (full 2):
 PSYoungGen      total 91136K, used 16893K [0x00000000e0000000, 0x00000000e7400000, 0x0000000100000000)
  eden space 74240K, 0% used [0x00000000e0000000,0x00000000e0000000,0x00000000e4880000)
  from space 16896K, 99% used [0x00000000e5c80000,0x00000000e6cff4e0,0x00000000e6d00000)
  to   space 20480K, 0% used [0x00000000e4880000,0x00000000e4880000,0x00000000e5c80000)
 ParOldGen       total 67072K, used 21699K [0x00000000a0000000, 0x00000000a4180000, 0x00000000e0000000)
  object space 67072K, 32% used [0x00000000a0000000,0x00000000a1530eb8,0x00000000a4180000)
 Metaspace       used 54029K, capacity 55968K, committed 56024K, reserved 1097728K
  class space    used 7409K, capacity 7903K, committed 7936K, reserved 1048576K
}
Event: 55.096 GC heap before
{Heap before GC invocations=21 (full 2):
 PSYoungGen      total 91136K, used 91133K [0x00000000e0000000, 0x00000000e7400000, 0x0000000100000000)
  eden space 74240K, 100% used [0x00000000e0000000,0x00000000e4880000,0x00000000e4880000)
  from space 16896K, 99% used [0x00000000e5c80000,0x00000000e6cff4e0,0x00000000e6d00000)
  to   space 20480K, 0% used [0x00000000e4880000,0x00000000e4880000,0x00000000e5c80000)
 ParOldGen       total 67072K, used 21699K [0x00000000a0000000, 0x00000000a4180000, 0x00000000e0000000)
  object space 67072K, 32% used [0x00000000a0000000,0x00000000a1530eb8,0x00000000a4180000)
 Metaspace       used 54402K, capacity 56446K, committed 56664K, reserved 1097728K
  class space    used 7450K, capacity 8004K, committed 8064K, reserved 1048576K
Event: 55.159 GC heap after
Heap after GC invocations=21 (full 2):
 PSYoungGen      total 94720K, used 20472K [0x00000000e0000000, 0x00000000e9080000, 0x0000000100000000)
  eden space 74240K, 0% used [0x00000000e0000000,0x00000000e0000000,0x00000000e4880000)
  from space 20480K, 99% used [0x00000000e4880000,0x00000000e5c7e220,0x00000000e5c80000)
  to   space 25600K, 0% used [0x00000000e7780000,0x00000000e7780000,0x00000000e9080000)
 ParOldGen       total 67072K, used 27426K [0x00000000a0000000, 0x00000000a4180000, 0x00000000e0000000)
  object space 67072K, 40% used [0x00000000a0000000,0x00000000a1ac8b00,0x00000000a4180000)
 Metaspace       used 54402K, capacity 56446K, committed 56664K, reserved 1097728K
  class space    used 7450K, capacity 8004K, committed 8064K, reserved 1048576K
}
Event: 62.721 GC heap before
{Heap before GC invocations=22 (full 2):
 PSYoungGen      total 94720K, used 69373K [0x00000000e0000000, 0x00000000e9080000, 0x0000000100000000)
  eden space 74240K, 65% used [0x00000000e0000000,0x00000000e2fc1210,0x00000000e4880000)
  from space 20480K, 99% used [0x00000000e4880000,0x00000000e5c7e220,0x00000000e5c80000)
  to   space 25600K, 0% used [0x00000000e7780000,0x00000000e7780000,0x00000000e9080000)
 ParOldGen       total 67072K, used 27426K [0x00000000a0000000, 0x00000000a4180000, 0x00000000e0000000)
  object space 67072K, 40% used [0x00000000a0000000,0x00000000a1ac8b00,0x00000000a4180000)
 Metaspace       used 56608K, capacity 58890K, committed 58968K, reserved 1099776K
  class space    used 7717K, capacity 8299K, committed 8320K, reserved 1048576K
Event: 62.763 GC heap after
Heap after GC invocations=22 (full 2):
 PSYoungGen      total 118784K, used 24551K [0x00000000e0000000, 0x00000000e9600000, 0x0000000100000000)
  eden space 93184K, 0% used [0x00000000e0000000,0x00000000e0000000,0x00000000e5b00000)
  from space 25600K, 95% used [0x00000000e7780000,0x00000000e8f79f08,0x00000000e9080000)
  to   space 29184K, 0% used [0x00000000e5b00000,0x00000000e5b00000,0x00000000e7780000)
 ParOldGen       total 67072K, used 27434K [0x00000000a0000000, 0x00000000a4180000, 0x00000000e0000000)
  object space 67072K, 40% used [0x00000000a0000000,0x00000000a1acab00,0x00000000a4180000)
 Metaspace       used 56608K, capacity 58890K, committed 58968K, reserved 1099776K
  class space    used 7717K, capacity 8299K, committed 8320K, reserved 1048576K
}
Event: 62.763 GC heap before
{Heap before GC invocations=23 (full 3):
 PSYoungGen      total 118784K, used 24551K [0x00000000e0000000, 0x00000000e9600000, 0x0000000100000000)
  eden space 93184K, 0% used [0x00000000e0000000,0x00000000e0000000,0x00000000e5b00000)
  from space 25600K, 95% used [0x00000000e7780000,0x00000000e8f79f08,0x00000000e9080000)
  to   space 29184K, 0% used [0x00000000e5b00000,0x00000000e5b00000,0x00000000e7780000)
 ParOldGen       total 67072K, used 27434K [0x00000000a0000000, 0x00000000a4180000, 0x00000000e0000000)
  object space 67072K, 40% used [0x00000000a0000000,0x00000000a1acab00,0x00000000a4180000)
 Metaspace       used 56608K, capacity 58890K, committed 58968K, reserved 1099776K
  class space    used 7717K, capacity 8299K, committed 8320K, reserved 1048576K
Event: 63.137 GC heap after
Heap after GC invocations=23 (full 3):
 PSYoungGen      total 118784K, used 0K [0x00000000e0000000, 0x00000000e9600000, 0x0000000100000000)
  eden space 93184K, 0% used [0x00000000e0000000,0x00000000e0000000,0x00000000e5b00000)
  from space 25600K, 0% used [0x00000000e7780000,0x00000000e7780000,0x00000000e9080000)
  to   space 29184K, 0% used [0x00000000e5b00000,0x00000000e5b00000,0x00000000e7780000)
 ParOldGen       total 110080K, used 46807K [0x00000000a0000000, 0x00000000a6b80000, 0x00000000e0000000)
  object space 110080K, 42% used [0x00000000a0000000,0x00000000a2db5cd8,0x00000000a6b80000)
 Metaspace       used 56608K, capacity 58890K, committed 58968K, reserved 1099776K
  class space    used 7717K, capacity 8299K, committed 8320K, reserved 1048576K
}
Event: 79.875 GC heap before
{Heap before GC invocations=24 (full 3):
 PSYoungGen      total 118784K, used 93184K [0x00000000e0000000, 0x00000000e9600000, 0x0000000100000000)
  eden space 93184K, 100% used [0x00000000e0000000,0x00000000e5b00000,0x00000000e5b00000)
  from space 25600K, 0% used [0x00000000e7780000,0x00000000e7780000,0x00000000e9080000)
  to   space 29184K, 0% used [0x00000000e5b00000,0x00000000e5b00000,0x00000000e7780000)
 ParOldGen       total 110080K, used 46807K [0x00000000a0000000, 0x00000000a6b80000, 0x00000000e0000000)
  object space 110080K, 42% used [0x00000000a0000000,0x00000000a2db5cd8,0x00000000a6b80000)
 Metaspace       used 60626K, capacity 63366K, committed 63576K, reserved 1103872K
  class space    used 8109K, capacity 8795K, committed 8832K, reserved 1048576K
Event: 79.886 GC heap after
Heap after GC invocations=24 (full 3):
 PSYoungGen      total 122368K, used 7958K [0x00000000e0000000, 0x00000000ea880000, 0x0000000100000000)
  eden space 93184K, 0% used [0x00000000e0000000,0x00000000e0000000,0x00000000e5b00000)
  from space 29184K, 27% used [0x00000000e5b00000,0x00000000e62c5a50,0x00000000e7780000)
  to   space 28672K, 0% used [0x00000000e8c80000,0x00000000e8c80000,0x00000000ea880000)
 ParOldGen       total 110080K, used 46815K [0x00000000a0000000, 0x00000000a6b80000, 0x00000000e0000000)
  object space 110080K, 42% used [0x00000000a0000000,0x00000000a2db7cd8,0x00000000a6b80000)
 Metaspace       used 60626K, capacity 63366K, committed 63576K, reserved 1103872K
  class space    used 8109K, capacity 8795K, committed 8832K, reserved 1048576K
}

